<?xml version="1.0" encoding="UTF-8"?>
<!-- Generated by org.testng.reporters.JUnitReportReporter -->
<testsuite hostname="AnbuPC" failures="0" tests="1" name="testCases.DS_IntroductionTests" time="3.886" errors="0" timestamp="2024-08-22T17:24:03 EDT" skipped="0">
  <testcase classname="testCases.DS_IntroductionTests" name="Test_DS_TimeComplexity_Practice_Questions_link" time="3.886"/>
</testsuite> <!-- testCases.DS_IntroductionTests -->
