<?xml version="1.0" encoding="UTF-8"?>
<!-- Generated by org.testng.reporters.JUnitReportReporter -->
<testsuite hostname="LAPTOP-E1NRTU5J" failures="0" tests="2" name="testCases.GetStartedPageTests" time="8.757" errors="0" timestamp="2024-08-21T23:20:13 CDT" skipped="0">
  <testcase classname="testCases.GetStartedPageTests" name="TestGetStartedButton" time="3.806"/>
  <testcase classname="testCases.GetStartedPageTests" name="CopyrightNumpyNinja2021Display" time="4.951"/>
</testsuite> <!-- testCases.GetStartedPageTests -->
